0 info it worked if it ends with ok
1 verbose cli [ 'd:\\Program Files\\nodejs\\node.exe',
1 verbose cli   'd:\\Program Files\\nodejs\\node_modules\\npm\\bin\\npm-cli.js',
1 verbose cli   'start' ]
2 info using npm@1.4.28
3 info using node@v0.10.33
4 verbose run-script [ 'prestart', 'start', 'poststart' ]
5 info prestart nodejs-demo@0.0.0
6 info start nodejs-demo@0.0.0
7 verbose unsafe-perm in lifecycle true
8 info nodejs-demo@0.0.0 Failed to exec start script
9 error nodejs-demo@0.0.0 start: `node ./bin/www`
9 error Exit status 8
10 error Failed at the nodejs-demo@0.0.0 start script.
10 error This is most likely a problem with the nodejs-demo package,
10 error not with npm itself.
10 error Tell the author that this fails on your system:
10 error     node ./bin/www
10 error You can get their info via:
10 error     npm owner ls nodejs-demo
10 error There is likely additional logging output above.
11 error System Windows_NT 5.1.2600
12 error command "d:\\Program Files\\nodejs\\node.exe" "d:\\Program Files\\nodejs\\node_modules\\npm\\bin\\npm-cli.js" "start"
13 error cwd d:\java\workspace_git\Nodejs\nodejs-demo
14 error node -v v0.10.33
15 error npm -v 1.4.28
16 error code ELIFECYCLE
17 verbose exit [ 1, true ]
